[0.014s] Invoking command in '/home/uez2rc/network-comms-project/build/network-comms': CMAKE_PREFIX_PATH=${CMAKE_PREFIX_PATH}:/opt/ros/kilted /usr/bin/cmake /home/uez2rc/network-comms-project/ros2-ws/src/network-comms -DCMAKE_INSTALL_PREFIX=/home/uez2rc/network-comms-project/install/network-comms
[0.039s] -- Found ament_cmake: 2.7.3 (/opt/ros/kilted/share/ament_cmake/cmake)
[0.245s] -- Found std_msgs: 5.5.0 (/opt/ros/kilted/share/std_msgs/cmake)
[0.329s] -- Found rosidl_generator_c: 4.9.5 (/opt/ros/kilted/share/rosidl_generator_c/cmake)
[0.336s] -- Found rosidl_generator_cpp: 4.9.5 (/opt/ros/kilted/share/rosidl_generator_cpp/cmake)
[0.345s] -- Using all available rosidl_typesupport_c: rosidl_typesupport_fastrtps_c;rosidl_typesupport_introspection_c
[0.354s] -- Using all available rosidl_typesupport_cpp: rosidl_typesupport_fastrtps_cpp;rosidl_typesupport_introspection_cpp
[0.372s] -- Found rclcpp: 29.5.2 (/opt/ros/kilted/share/rclcpp/cmake)
[0.415s] -- Found rmw_implementation_cmake: 7.8.2 (/opt/ros/kilted/share/rmw_implementation_cmake/cmake)
[0.417s] -- Found rmw_fastrtps_cpp: 9.3.2 (/opt/ros/kilted/share/rmw_fastrtps_cpp/cmake)
[0.447s] -- Using RMW implementation 'rmw_fastrtps_cpp' as default
[0.610s] -- Found ament_lint_auto: 0.19.2 (/opt/ros/kilted/share/ament_lint_auto/cmake)
[0.690s] -- Added test 'cppcheck' to perform static code analysis on C / C++ code
[0.690s] -- Configured cppcheck include dirs: 
[0.690s] -- Configured cppcheck exclude dirs and/or files: 
[0.690s] -- Added test 'lint_cmake' to check CMake code style
[0.690s] -- Added test 'uncrustify' to check C / C++ code style
[0.690s] -- Configured uncrustify additional arguments: 
[0.691s] -- Added test 'xmllint' to check XML markup files
[0.691s] -- Configuring done (0.7s)
[0.693s] [31mCMake Error at CMakeLists.txt:17 (add_executable):
[0.693s]   Cannot find source file:
[0.693s] 
[0.693s]     src/net_node.cpp
[0.693s] 
[0.693s]   Tried extensions .c .C .c++ .cc .cpp .cxx .cu .mpp .m .M .mm .ixx .cppm
[0.693s]   .ccm .cxxm .c++m .h .hh .h++ .hm .hpp .hxx .in .txx .f .F .for .f77 .f90
[0.693s]   .f95 .f03 .hip .ispc
[0.693s] 
[0.693s] [0m
[0.694s] [31mCMake Error at CMakeLists.txt:17 (add_executable):
[0.694s]   No SOURCES given to target: net_node
[0.694s] 
[0.694s] [0m
[0.694s] [0mCMake Generate step failed.  Build files cannot be regenerated correctly.[0m
[0.699s] Invoked command in '/home/uez2rc/network-comms-project/build/network-comms' returned '1': CMAKE_PREFIX_PATH=${CMAKE_PREFIX_PATH}:/opt/ros/kilted /usr/bin/cmake /home/uez2rc/network-comms-project/ros2-ws/src/network-comms -DCMAKE_INSTALL_PREFIX=/home/uez2rc/network-comms-project/install/network-comms
