-- Found ament_cmake: 2.7.3 (/opt/ros/kilted/share/ament_cmake/cmake)
-- Found std_msgs: 5.5.0 (/opt/ros/kilted/share/std_msgs/cmake)
-- Found rosidl_generator_c: 4.9.5 (/opt/ros/kilted/share/rosidl_generator_c/cmake)
-- Found rosidl_generator_cpp: 4.9.5 (/opt/ros/kilted/share/rosidl_generator_cpp/cmake)
-- Using all available rosidl_typesupport_c: rosidl_typesupport_fastrtps_c;rosidl_typesupport_introspection_c
-- Using all available rosidl_typesupport_cpp: rosidl_typesupport_fastrtps_cpp;rosidl_typesupport_introspection_cpp
-- Found rclcpp: 29.5.2 (/opt/ros/kilted/share/rclcpp/cmake)
-- Found rmw_implementation_cmake: 7.8.2 (/opt/ros/kilted/share/rmw_implementation_cmake/cmake)
-- Found rmw_fastrtps_cpp: 9.3.2 (/opt/ros/kilted/share/rmw_fastrtps_cpp/cmake)
-- Using RMW implementation 'rmw_fastrtps_cpp' as default
-- Found ament_lint_auto: 0.19.2 (/opt/ros/kilted/share/ament_lint_auto/cmake)
-- Added test 'cppcheck' to perform static code analysis on C / C++ code
-- Configured cppcheck include dirs: 
-- Configured cppcheck exclude dirs and/or files: 
-- Added test 'lint_cmake' to check CMake code style
-- Added test 'uncrustify' to check C / C++ code style
-- Configured uncrustify additional arguments: 
-- Added test 'xmllint' to check XML markup files
-- Configuring done (0.5s)
-- Generating done (0.0s)
-- Build files have been written to: /home/uez2rc/network-comms-project/build/network-comms
[ 66%] [32mBuilding CXX object CMakeFiles/net_node.dir/src/net-node.cpp.o[0m
[ 66%] [32mBuilding CXX object CMakeFiles/net_node.dir/src/server.cpp.o[0m
[100%] [32m[1mLinking CXX executable net_node[0m
[100%] Built target net_node
-- Install configuration: ""
-- Installing: /home/uez2rc/network-comms-project/install/network-comms/lib/network-comms/net_node
-- Set non-toolchain portion of runtime path of "/home/uez2rc/network-comms-project/install/network-comms/lib/network-comms/net_node" to ""
-- Installing: /home/uez2rc/network-comms-project/install/network-comms/share/ament_index/resource_index/package_run_dependencies/network-comms
-- Installing: /home/uez2rc/network-comms-project/install/network-comms/share/ament_index/resource_index/parent_prefix_path/network-comms
-- Installing: /home/uez2rc/network-comms-project/install/network-comms/share/network-comms/environment/ament_prefix_path.sh
-- Installing: /home/uez2rc/network-comms-project/install/network-comms/share/network-comms/environment/ament_prefix_path.dsv
-- Installing: /home/uez2rc/network-comms-project/install/network-comms/share/network-comms/environment/path.sh
-- Installing: /home/uez2rc/network-comms-project/install/network-comms/share/network-comms/environment/path.dsv
-- Installing: /home/uez2rc/network-comms-project/install/network-comms/share/network-comms/local_setup.bash
-- Installing: /home/uez2rc/network-comms-project/install/network-comms/share/network-comms/local_setup.sh
-- Installing: /home/uez2rc/network-comms-project/install/network-comms/share/network-comms/local_setup.zsh
-- Installing: /home/uez2rc/network-comms-project/install/network-comms/share/network-comms/local_setup.dsv
-- Up-to-date: /home/uez2rc/network-comms-project/install/network-comms/share/network-comms/package.dsv
-- Installing: /home/uez2rc/network-comms-project/install/network-comms/share/ament_index/resource_index/packages/network-comms
-- Installing: /home/uez2rc/network-comms-project/install/network-comms/share/network-comms/cmake/network-commsConfig.cmake
-- Installing: /home/uez2rc/network-comms-project/install/network-comms/share/network-comms/cmake/network-commsConfig-version.cmake
-- Installing: /home/uez2rc/network-comms-project/install/network-comms/share/network-comms/package.xml
