[0.238s] DEBUG:colcon:Command line arguments: ['/usr/bin/colcon', 'build']
[0.238s] DEBUG:colcon:Parsed command line arguments: Namespace(log_base=None, log_level=None, verb_name='build', build_base='build', install_base='install', merge_install=False, symlink_install=False, test_result_base=None, continue_on_error=False, executor='parallel', parallel_workers=8, event_handlers=None, ignore_user_meta=False, metas=['./colcon.meta'], base_paths=['.'], packages_ignore=None, packages_ignore_regex=None, paths=None, packages_up_to=None, packages_up_to_regex=None, packages_above=None, packages_above_and_dependencies=None, packages_above_depth=None, packages_select_by_dep=None, packages_skip_by_dep=None, packages_skip_up_to=None, packages_select_build_failed=False, packages_skip_build_finished=False, packages_select_test_failures=False, packages_skip_test_passed=False, packages_select=None, packages_skip=None, packages_select_regex=None, packages_skip_regex=None, packages_start=None, packages_end=None, allow_overriding=[], cmake_args=None, cmake_target=None, cmake_target_skip_unavailable=False, cmake_clean_cache=False, cmake_clean_first=False, cmake_force_configure=False, ament_cmake_args=None, catkin_cmake_args=None, catkin_skip_building_tests=False, mixin_files=None, mixin=None, verb_parser=<colcon_mixin.mixin.mixin_argument.MixinArgumentDecorator object at 0x7b642683d6a0>, verb_extension=<colcon_core.verb.build.BuildVerb object at 0x7b642683d3d0>, main=<bound method BuildVerb.main of <colcon_core.verb.build.BuildVerb object at 0x7b642683d3d0>>, mixin_verb=('build',))
[0.287s] Level 1:colcon.colcon_core.package_discovery:discover_packages(colcon_meta) check parameters
[0.287s] Level 1:colcon.colcon_core.package_discovery:discover_packages(recursive) check parameters
[0.288s] Level 1:colcon.colcon_core.package_discovery:discover_packages(ignore) check parameters
[0.288s] Level 1:colcon.colcon_core.package_discovery:discover_packages(path) check parameters
[0.288s] Level 1:colcon.colcon_core.package_discovery:discover_packages(colcon_meta) discover
[0.288s] Level 1:colcon.colcon_core.package_discovery:discover_packages(recursive) discover
[0.288s] INFO:colcon.colcon_core.package_discovery:Crawling recursively for packages in '/home/uez2rc/network-comms-project'
[0.288s] Level 1:colcon.colcon_core.package_identification:_identify(.) by extensions ['ignore', 'ignore_ament_install']
[0.288s] Level 1:colcon.colcon_core.package_identification:_identify(.) by extension 'ignore'
[0.288s] Level 1:colcon.colcon_core.package_identification:_identify(.) by extension 'ignore_ament_install'
[0.288s] Level 1:colcon.colcon_core.package_identification:_identify(.) by extensions ['colcon_pkg']
[0.288s] Level 1:colcon.colcon_core.package_identification:_identify(.) by extension 'colcon_pkg'
[0.288s] Level 1:colcon.colcon_core.package_identification:_identify(.) by extensions ['colcon_meta']
[0.288s] Level 1:colcon.colcon_core.package_identification:_identify(.) by extension 'colcon_meta'
[0.289s] Level 1:colcon.colcon_core.package_identification:_identify(.) by extensions ['ros']
[0.289s] Level 1:colcon.colcon_core.package_identification:_identify(.) by extension 'ros'
[0.325s] Level 1:colcon.colcon_core.package_identification:_identify(.) by extensions ['cmake', 'python']
[0.325s] Level 1:colcon.colcon_core.package_identification:_identify(.) by extension 'cmake'
[0.325s] Level 1:colcon.colcon_core.package_identification:_identify(.) by extension 'python'
[0.325s] Level 1:colcon.colcon_core.package_identification:_identify(.) by extensions ['python_setup_py']
[0.325s] Level 1:colcon.colcon_core.package_identification:_identify(.) by extension 'python_setup_py'
[0.326s] Level 1:colcon.colcon_core.package_identification:_identify(build) by extensions ['ignore', 'ignore_ament_install']
[0.326s] Level 1:colcon.colcon_core.package_identification:_identify(build) by extension 'ignore'
[0.326s] Level 1:colcon.colcon_core.package_identification:_identify(build) ignored
[0.326s] Level 1:colcon.colcon_core.package_identification:_identify(install) by extensions ['ignore', 'ignore_ament_install']
[0.326s] Level 1:colcon.colcon_core.package_identification:_identify(install) by extension 'ignore'
[0.326s] Level 1:colcon.colcon_core.package_identification:_identify(install) ignored
[0.326s] Level 1:colcon.colcon_core.package_identification:_identify(log) by extensions ['ignore', 'ignore_ament_install']
[0.326s] Level 1:colcon.colcon_core.package_identification:_identify(log) by extension 'ignore'
[0.327s] Level 1:colcon.colcon_core.package_identification:_identify(log) ignored
[0.327s] Level 1:colcon.colcon_core.package_identification:_identify(ros2-ws) by extensions ['ignore', 'ignore_ament_install']
[0.327s] Level 1:colcon.colcon_core.package_identification:_identify(ros2-ws) by extension 'ignore'
[0.327s] Level 1:colcon.colcon_core.package_identification:_identify(ros2-ws) by extension 'ignore_ament_install'
[0.327s] Level 1:colcon.colcon_core.package_identification:_identify(ros2-ws) by extensions ['colcon_pkg']
[0.327s] Level 1:colcon.colcon_core.package_identification:_identify(ros2-ws) by extension 'colcon_pkg'
[0.327s] Level 1:colcon.colcon_core.package_identification:_identify(ros2-ws) by extensions ['colcon_meta']
[0.327s] Level 1:colcon.colcon_core.package_identification:_identify(ros2-ws) by extension 'colcon_meta'
[0.327s] Level 1:colcon.colcon_core.package_identification:_identify(ros2-ws) by extensions ['ros']
[0.327s] Level 1:colcon.colcon_core.package_identification:_identify(ros2-ws) by extension 'ros'
[0.327s] Level 1:colcon.colcon_core.package_identification:_identify(ros2-ws) by extensions ['cmake', 'python']
[0.327s] Level 1:colcon.colcon_core.package_identification:_identify(ros2-ws) by extension 'cmake'
[0.327s] Level 1:colcon.colcon_core.package_identification:_identify(ros2-ws) by extension 'python'
[0.327s] Level 1:colcon.colcon_core.package_identification:_identify(ros2-ws) by extensions ['python_setup_py']
[0.327s] Level 1:colcon.colcon_core.package_identification:_identify(ros2-ws) by extension 'python_setup_py'
[0.328s] Level 1:colcon.colcon_core.package_identification:_identify(ros2-ws/src) by extensions ['ignore', 'ignore_ament_install']
[0.328s] Level 1:colcon.colcon_core.package_identification:_identify(ros2-ws/src) by extension 'ignore'
[0.328s] Level 1:colcon.colcon_core.package_identification:_identify(ros2-ws/src) by extension 'ignore_ament_install'
[0.328s] Level 1:colcon.colcon_core.package_identification:_identify(ros2-ws/src) by extensions ['colcon_pkg']
[0.328s] Level 1:colcon.colcon_core.package_identification:_identify(ros2-ws/src) by extension 'colcon_pkg'
[0.328s] Level 1:colcon.colcon_core.package_identification:_identify(ros2-ws/src) by extensions ['colcon_meta']
[0.328s] Level 1:colcon.colcon_core.package_identification:_identify(ros2-ws/src) by extension 'colcon_meta'
[0.328s] Level 1:colcon.colcon_core.package_identification:_identify(ros2-ws/src) by extensions ['ros']
[0.328s] Level 1:colcon.colcon_core.package_identification:_identify(ros2-ws/src) by extension 'ros'
[0.328s] Level 1:colcon.colcon_core.package_identification:_identify(ros2-ws/src) by extensions ['cmake', 'python']
[0.328s] Level 1:colcon.colcon_core.package_identification:_identify(ros2-ws/src) by extension 'cmake'
[0.328s] Level 1:colcon.colcon_core.package_identification:_identify(ros2-ws/src) by extension 'python'
[0.328s] Level 1:colcon.colcon_core.package_identification:_identify(ros2-ws/src) by extensions ['python_setup_py']
[0.328s] Level 1:colcon.colcon_core.package_identification:_identify(ros2-ws/src) by extension 'python_setup_py'
[0.328s] Level 1:colcon.colcon_core.package_identification:_identify(ros2-ws/src/network-comms) by extensions ['ignore', 'ignore_ament_install']
[0.328s] Level 1:colcon.colcon_core.package_identification:_identify(ros2-ws/src/network-comms) by extension 'ignore'
[0.329s] Level 1:colcon.colcon_core.package_identification:_identify(ros2-ws/src/network-comms) by extension 'ignore_ament_install'
[0.329s] Level 1:colcon.colcon_core.package_identification:_identify(ros2-ws/src/network-comms) by extensions ['colcon_pkg']
[0.329s] Level 1:colcon.colcon_core.package_identification:_identify(ros2-ws/src/network-comms) by extension 'colcon_pkg'
[0.329s] Level 1:colcon.colcon_core.package_identification:_identify(ros2-ws/src/network-comms) by extensions ['colcon_meta']
[0.329s] Level 1:colcon.colcon_core.package_identification:_identify(ros2-ws/src/network-comms) by extension 'colcon_meta'
[0.329s] Level 1:colcon.colcon_core.package_identification:_identify(ros2-ws/src/network-comms) by extensions ['ros']
[0.329s] Level 1:colcon.colcon_core.package_identification:_identify(ros2-ws/src/network-comms) by extension 'ros'
[0.332s] DEBUG:colcon.colcon_core.package_identification:Package 'ros2-ws/src/network-comms' with type 'ros.ament_cmake' and name 'network-comms'
[0.332s] Level 1:colcon.colcon_core.package_identification:_identify(webapp-ws) by extensions ['ignore', 'ignore_ament_install']
[0.332s] Level 1:colcon.colcon_core.package_identification:_identify(webapp-ws) by extension 'ignore'
[0.333s] Level 1:colcon.colcon_core.package_identification:_identify(webapp-ws) by extension 'ignore_ament_install'
[0.333s] Level 1:colcon.colcon_core.package_identification:_identify(webapp-ws) by extensions ['colcon_pkg']
[0.333s] Level 1:colcon.colcon_core.package_identification:_identify(webapp-ws) by extension 'colcon_pkg'
[0.333s] Level 1:colcon.colcon_core.package_identification:_identify(webapp-ws) by extensions ['colcon_meta']
[0.333s] Level 1:colcon.colcon_core.package_identification:_identify(webapp-ws) by extension 'colcon_meta'
[0.333s] Level 1:colcon.colcon_core.package_identification:_identify(webapp-ws) by extensions ['ros']
[0.333s] Level 1:colcon.colcon_core.package_identification:_identify(webapp-ws) by extension 'ros'
[0.333s] Level 1:colcon.colcon_core.package_identification:_identify(webapp-ws) by extensions ['cmake', 'python']
[0.333s] Level 1:colcon.colcon_core.package_identification:_identify(webapp-ws) by extension 'cmake'
[0.333s] Level 1:colcon.colcon_core.package_identification:_identify(webapp-ws) by extension 'python'
[0.333s] Level 1:colcon.colcon_core.package_identification:_identify(webapp-ws) by extensions ['python_setup_py']
[0.333s] Level 1:colcon.colcon_core.package_identification:_identify(webapp-ws) by extension 'python_setup_py'
[0.333s] Level 1:colcon.colcon_core.package_discovery:discover_packages(recursive) using defaults
[0.334s] Level 1:colcon.colcon_core.package_discovery:discover_packages(ignore) discover
[0.334s] Level 1:colcon.colcon_core.package_discovery:discover_packages(ignore) using defaults
[0.334s] Level 1:colcon.colcon_core.package_discovery:discover_packages(path) discover
[0.334s] Level 1:colcon.colcon_core.package_discovery:discover_packages(path) using defaults
[0.356s] Level 1:colcon.colcon_core.package_discovery:discover_packages(prefix_path) check parameters
[0.356s] Level 1:colcon.colcon_core.package_discovery:discover_packages(prefix_path) discover
[0.359s] DEBUG:colcon.colcon_installed_package_information.package_discovery:Found 289 installed packages in /opt/ros/kilted
[0.360s] Level 1:colcon.colcon_core.package_discovery:discover_packages(prefix_path) using defaults
[0.404s] Level 5:colcon.colcon_core.verb:set package 'network-comms' build argument 'cmake_args' from command line to 'None'
[0.404s] Level 5:colcon.colcon_core.verb:set package 'network-comms' build argument 'cmake_target' from command line to 'None'
[0.404s] Level 5:colcon.colcon_core.verb:set package 'network-comms' build argument 'cmake_target_skip_unavailable' from command line to 'False'
[0.404s] Level 5:colcon.colcon_core.verb:set package 'network-comms' build argument 'cmake_clean_cache' from command line to 'False'
[0.404s] Level 5:colcon.colcon_core.verb:set package 'network-comms' build argument 'cmake_clean_first' from command line to 'False'
[0.404s] Level 5:colcon.colcon_core.verb:set package 'network-comms' build argument 'cmake_force_configure' from command line to 'False'
[0.404s] Level 5:colcon.colcon_core.verb:set package 'network-comms' build argument 'ament_cmake_args' from command line to 'None'
[0.404s] Level 5:colcon.colcon_core.verb:set package 'network-comms' build argument 'catkin_cmake_args' from command line to 'None'
[0.404s] Level 5:colcon.colcon_core.verb:set package 'network-comms' build argument 'catkin_skip_building_tests' from command line to 'False'
[0.404s] DEBUG:colcon.colcon_core.verb:Building package 'network-comms' with the following arguments: {'ament_cmake_args': None, 'build_base': '/home/uez2rc/network-comms-project/build/network-comms', 'catkin_cmake_args': None, 'catkin_skip_building_tests': False, 'cmake_args': None, 'cmake_clean_cache': False, 'cmake_clean_first': False, 'cmake_force_configure': False, 'cmake_target': None, 'cmake_target_skip_unavailable': False, 'install_base': '/home/uez2rc/network-comms-project/install/network-comms', 'merge_install': False, 'path': '/home/uez2rc/network-comms-project/ros2-ws/src/network-comms', 'symlink_install': False, 'test_result_base': None}
[0.405s] INFO:colcon.colcon_core.executor:Executing jobs using 'parallel' executor
[0.406s] DEBUG:colcon.colcon_parallel_executor.executor.parallel:run_until_complete
[0.406s] INFO:colcon.colcon_ros.task.ament_cmake.build:Building ROS package in '/home/uez2rc/network-comms-project/ros2-ws/src/network-comms' with build type 'ament_cmake'
[0.406s] INFO:colcon.colcon_cmake.task.cmake.build:Building CMake package in '/home/uez2rc/network-comms-project/ros2-ws/src/network-comms'
[0.409s] INFO:colcon.colcon_core.plugin_system:Skipping extension 'colcon_core.shell.bat': Not used on non-Windows systems
[0.409s] INFO:colcon.colcon_core.shell:Skip shell extension 'powershell' for command environment: Not usable outside of PowerShell
[0.410s] DEBUG:colcon.colcon_core.shell:Skip shell extension 'dsv' for command environment
[0.429s] DEBUG:colcon.colcon_core.event_handler.log_command:Invoking command in '/home/uez2rc/network-comms-project/build/network-comms': CMAKE_PREFIX_PATH=${CMAKE_PREFIX_PATH}:/opt/ros/kilted /usr/bin/cmake --build /home/uez2rc/network-comms-project/build/network-comms -- -j8 -l8
[4.953s] DEBUG:colcon.colcon_core.event_handler.log_command:Invoked command in '/home/uez2rc/network-comms-project/build/network-comms' returned '0': CMAKE_PREFIX_PATH=${CMAKE_PREFIX_PATH}:/opt/ros/kilted /usr/bin/cmake --build /home/uez2rc/network-comms-project/build/network-comms -- -j8 -l8
[4.962s] DEBUG:colcon.colcon_core.event_handler.log_command:Invoking command in '/home/uez2rc/network-comms-project/build/network-comms': CMAKE_PREFIX_PATH=${CMAKE_PREFIX_PATH}:/opt/ros/kilted /usr/bin/cmake --install /home/uez2rc/network-comms-project/build/network-comms
[4.973s] Level 1:colcon.colcon_core.environment:create_environment_scripts_only(network-comms)
[4.974s] DEBUG:colcon.colcon_core.event_handler.log_command:Invoked command in '/home/uez2rc/network-comms-project/build/network-comms' returned '0': CMAKE_PREFIX_PATH=${CMAKE_PREFIX_PATH}:/opt/ros/kilted /usr/bin/cmake --install /home/uez2rc/network-comms-project/build/network-comms
[4.975s] Level 1:colcon.colcon_core.environment:checking '/home/uez2rc/network-comms-project/install/network-comms' for CMake module files
[4.976s] Level 1:colcon.colcon_core.environment:checking '/home/uez2rc/network-comms-project/install/network-comms' for CMake config files
[4.976s] Level 1:colcon.colcon_core.shell:create_environment_hook('network-comms', 'cmake_prefix_path')
[4.976s] INFO:colcon.colcon_core.shell:Creating environment hook '/home/uez2rc/network-comms-project/install/network-comms/share/network-comms/hook/cmake_prefix_path.ps1'
[4.977s] INFO:colcon.colcon_core.shell:Creating environment descriptor '/home/uez2rc/network-comms-project/install/network-comms/share/network-comms/hook/cmake_prefix_path.dsv'
[4.977s] INFO:colcon.colcon_core.shell:Creating environment hook '/home/uez2rc/network-comms-project/install/network-comms/share/network-comms/hook/cmake_prefix_path.sh'
[4.978s] Level 1:colcon.colcon_core.environment:checking '/home/uez2rc/network-comms-project/install/network-comms/lib'
[4.978s] Level 1:colcon.colcon_core.environment:checking '/home/uez2rc/network-comms-project/install/network-comms/bin'
[4.978s] Level 1:colcon.colcon_core.environment:checking '/home/uez2rc/network-comms-project/install/network-comms/lib/pkgconfig/network-comms.pc'
[4.978s] Level 1:colcon.colcon_core.environment:checking '/home/uez2rc/network-comms-project/install/network-comms/lib/python3.12/site-packages'
[4.978s] Level 1:colcon.colcon_core.environment:checking '/home/uez2rc/network-comms-project/install/network-comms/bin'
[4.978s] INFO:colcon.colcon_core.shell:Creating package script '/home/uez2rc/network-comms-project/install/network-comms/share/network-comms/package.ps1'
[4.979s] INFO:colcon.colcon_core.shell:Creating package descriptor '/home/uez2rc/network-comms-project/install/network-comms/share/network-comms/package.dsv'
[4.979s] INFO:colcon.colcon_core.shell:Creating package script '/home/uez2rc/network-comms-project/install/network-comms/share/network-comms/package.sh'
[4.979s] INFO:colcon.colcon_core.shell:Creating package script '/home/uez2rc/network-comms-project/install/network-comms/share/network-comms/package.bash'
[4.980s] INFO:colcon.colcon_core.shell:Creating package script '/home/uez2rc/network-comms-project/install/network-comms/share/network-comms/package.zsh'
[4.980s] Level 1:colcon.colcon_core.environment:create_file_with_runtime_dependencies(/home/uez2rc/network-comms-project/install/network-comms/share/colcon-core/packages/network-comms)
[4.981s] Level 1:colcon.colcon_core.environment:create_environment_scripts_only(network-comms)
[4.981s] Level 1:colcon.colcon_core.environment:checking '/home/uez2rc/network-comms-project/install/network-comms' for CMake module files
[4.981s] Level 1:colcon.colcon_core.environment:checking '/home/uez2rc/network-comms-project/install/network-comms' for CMake config files
[4.981s] Level 1:colcon.colcon_core.shell:create_environment_hook('network-comms', 'cmake_prefix_path')
[4.982s] INFO:colcon.colcon_core.shell:Creating environment hook '/home/uez2rc/network-comms-project/install/network-comms/share/network-comms/hook/cmake_prefix_path.ps1'
[4.982s] INFO:colcon.colcon_core.shell:Creating environment descriptor '/home/uez2rc/network-comms-project/install/network-comms/share/network-comms/hook/cmake_prefix_path.dsv'
[4.982s] INFO:colcon.colcon_core.shell:Creating environment hook '/home/uez2rc/network-comms-project/install/network-comms/share/network-comms/hook/cmake_prefix_path.sh'
[4.983s] Level 1:colcon.colcon_core.environment:checking '/home/uez2rc/network-comms-project/install/network-comms/lib'
[4.983s] Level 1:colcon.colcon_core.environment:checking '/home/uez2rc/network-comms-project/install/network-comms/bin'
[4.983s] Level 1:colcon.colcon_core.environment:checking '/home/uez2rc/network-comms-project/install/network-comms/lib/pkgconfig/network-comms.pc'
[4.983s] Level 1:colcon.colcon_core.environment:checking '/home/uez2rc/network-comms-project/install/network-comms/lib/python3.12/site-packages'
[4.983s] Level 1:colcon.colcon_core.environment:checking '/home/uez2rc/network-comms-project/install/network-comms/bin'
[4.984s] INFO:colcon.colcon_core.shell:Creating package script '/home/uez2rc/network-comms-project/install/network-comms/share/network-comms/package.ps1'
[4.984s] INFO:colcon.colcon_core.shell:Creating package descriptor '/home/uez2rc/network-comms-project/install/network-comms/share/network-comms/package.dsv'
[4.984s] INFO:colcon.colcon_core.shell:Creating package script '/home/uez2rc/network-comms-project/install/network-comms/share/network-comms/package.sh'
[4.985s] INFO:colcon.colcon_core.shell:Creating package script '/home/uez2rc/network-comms-project/install/network-comms/share/network-comms/package.bash'
[4.985s] INFO:colcon.colcon_core.shell:Creating package script '/home/uez2rc/network-comms-project/install/network-comms/share/network-comms/package.zsh'
[4.986s] Level 1:colcon.colcon_core.environment:create_file_with_runtime_dependencies(/home/uez2rc/network-comms-project/install/network-comms/share/colcon-core/packages/network-comms)
[4.986s] DEBUG:colcon.colcon_parallel_executor.executor.parallel:closing loop
[4.987s] DEBUG:colcon.colcon_parallel_executor.executor.parallel:loop closed
[4.987s] DEBUG:colcon.colcon_parallel_executor.executor.parallel:run_until_complete finished with '0'
[4.988s] DEBUG:colcon.colcon_core.event_reactor:joining thread
[5.010s] INFO:colcon.colcon_core.plugin_system:Skipping extension 'colcon_notification.desktop_notification.notify_send': Could not find 'notify-send'
[5.010s] INFO:colcon.colcon_core.plugin_system:Skipping extension 'colcon_notification.desktop_notification.terminal_notifier': Not used on non-Darwin systems
[5.010s] INFO:colcon.colcon_core.plugin_system:Skipping extension 'colcon_notification.desktop_notification.win32': Not used on non-Windows systems
[5.010s] INFO:colcon.colcon_notification.desktop_notification:Sending desktop notification using 'notify2'
[5.011s] DEBUG:colcon.colcon_notification.desktop_notification.notify2:Failed to initialize notify2: org.freedesktop.DBus.Error.ServiceUnknown: The name org.freedesktop.Notifications was not provided by any .service files
[5.012s] DEBUG:colcon.colcon_core.event_reactor:joined thread
[5.012s] INFO:colcon.colcon_core.shell:Creating prefix script '/home/uez2rc/network-comms-project/install/local_setup.ps1'
[5.012s] INFO:colcon.colcon_core.shell:Creating prefix util module '/home/uez2rc/network-comms-project/install/_local_setup_util_ps1.py'
[5.013s] INFO:colcon.colcon_core.shell:Creating prefix chain script '/home/uez2rc/network-comms-project/install/setup.ps1'
[5.014s] INFO:colcon.colcon_core.shell:Creating prefix script '/home/uez2rc/network-comms-project/install/local_setup.sh'
[5.014s] INFO:colcon.colcon_core.shell:Creating prefix util module '/home/uez2rc/network-comms-project/install/_local_setup_util_sh.py'
[5.014s] INFO:colcon.colcon_core.shell:Creating prefix chain script '/home/uez2rc/network-comms-project/install/setup.sh'
[5.015s] INFO:colcon.colcon_core.shell:Creating prefix script '/home/uez2rc/network-comms-project/install/local_setup.bash'
[5.015s] INFO:colcon.colcon_core.shell:Creating prefix chain script '/home/uez2rc/network-comms-project/install/setup.bash'
[5.016s] INFO:colcon.colcon_core.shell:Creating prefix script '/home/uez2rc/network-comms-project/install/local_setup.zsh'
[5.016s] INFO:colcon.colcon_core.shell:Creating prefix chain script '/home/uez2rc/network-comms-project/install/setup.zsh'
