[0.027s] Invoking command in '/home/uez2rc/network-comms-project/build/network-comms': CMAKE_PREFIX_PATH=${CMAKE_PREFIX_PATH}:/opt/ros/kilted /usr/bin/cmake /home/uez2rc/network-comms-project/ros2-ws/src/network-comms -DCMAKE_INSTALL_PREFIX=/home/uez2rc/network-comms-project/install/network-comms
[0.302s] -- The C compiler identification is GNU 13.3.0
[0.546s] -- The CXX compiler identification is GNU 13.3.0
[0.705s] -- Detecting C compiler ABI info
[0.840s] -- Detecting C compiler ABI info - done
[0.846s] -- Check for working C compiler: /usr/bin/cc - skipped
[0.847s] -- Detecting C compile features
[0.848s] -- Detecting C compile features - done
[0.879s] -- Detecting CXX compiler ABI info
[1.060s] -- Detecting CXX compiler ABI info - done
[1.067s] -- Check for working CXX compiler: /usr/bin/c++ - skipped
[1.067s] -- Detecting CXX compile features
[1.067s] -- Detecting CXX compile features - done
[1.136s] -- Found ament_cmake: 2.7.3 (/opt/ros/kilted/share/ament_cmake/cmake)
[1.276s] -- Found Python3: /usr/bin/python3 (found version "3.12.3") found components: Interpreter 
[1.434s] -- Found std_msgs: 5.5.0 (/opt/ros/kilted/share/std_msgs/cmake)
[1.559s] -- Found rosidl_generator_c: 4.9.5 (/opt/ros/kilted/share/rosidl_generator_c/cmake)
[1.579s] -- Found rosidl_generator_cpp: 4.9.5 (/opt/ros/kilted/share/rosidl_generator_cpp/cmake)
[1.610s] -- Using all available rosidl_typesupport_c: rosidl_typesupport_fastrtps_c;rosidl_typesupport_introspection_c
[1.645s] -- Using all available rosidl_typesupport_cpp: rosidl_typesupport_fastrtps_cpp;rosidl_typesupport_introspection_cpp
[1.697s] -- Found rclcpp: 29.5.2 (/opt/ros/kilted/share/rclcpp/cmake)
[1.818s] -- Found rmw_implementation_cmake: 7.8.2 (/opt/ros/kilted/share/rmw_implementation_cmake/cmake)
[1.824s] -- Found rmw_fastrtps_cpp: 9.3.2 (/opt/ros/kilted/share/rmw_fastrtps_cpp/cmake)
[1.957s] -- Found OpenSSL: /usr/lib/x86_64-linux-gnu/libcrypto.so (found version "3.0.13")  
[1.972s] -- Using RMW implementation 'rmw_fastrtps_cpp' as default
[2.119s] -- Found ament_lint_auto: 0.19.2 (/opt/ros/kilted/share/ament_lint_auto/cmake)
[2.232s] -- Added test 'cppcheck' to perform static code analysis on C / C++ code
[2.232s] -- Configured cppcheck include dirs: 
[2.232s] -- Configured cppcheck exclude dirs and/or files: 
[2.234s] -- Added test 'lint_cmake' to check CMake code style
[2.236s] -- Added test 'uncrustify' to check C / C++ code style
[2.236s] -- Configured uncrustify additional arguments: 
[2.237s] -- Added test 'xmllint' to check XML markup files
[2.239s] -- Configuring done (2.2s)
[2.242s] [31mCMake Error at CMakeLists.txt:17 (add_executable):
[2.242s]   Cannot find source file:
[2.242s] 
[2.242s]     src/net_node.cpp
[2.242s] 
[2.242s]   Tried extensions .c .C .c++ .cc .cpp .cxx .cu .mpp .m .M .mm .ixx .cppm
[2.242s]   .ccm .cxxm .c++m .h .hh .h++ .hm .hpp .hxx .in .txx .f .F .for .f77 .f90
[2.242s]   .f95 .f03 .hip .ispc
[2.242s] 
[2.242s] [0m
[2.242s] [31mCMake Error at CMakeLists.txt:17 (add_executable):
[2.242s]   No SOURCES given to target: net_node
[2.242s] 
[2.242s] [0m
[2.242s] [0mCMake Generate step failed.  Build files cannot be regenerated correctly.[0m
[2.250s] Invoked command in '/home/uez2rc/network-comms-project/build/network-comms' returned '1': CMAKE_PREFIX_PATH=${CMAKE_PREFIX_PATH}:/opt/ros/kilted /usr/bin/cmake /home/uez2rc/network-comms-project/ros2-ws/src/network-comms -DCMAKE_INSTALL_PREFIX=/home/uez2rc/network-comms-project/install/network-comms
